CRITICAL - 2024-07-10 21:35:06 --> ErrorException: Undefined property: CodeIgniter\View\View::$input
[Method: GET, Route: /]
in APPPATH/Views/welcome_message.php on line 14.
 1 APPPATH/Views/welcome_message.php(14): CodeIgniter\Debug\Exceptions->errorHandler(2, 'Undefined property: CodeIgniter\\View\\View::$input', '/Users/MacPro/Sites/exampleproject/app/Views/welcome_message.php', 14)
 2 SYSTEMPATH/View/View.php(234): include('/Users/MacPro/Sites/exampleproject/app/Views/welcome_message.php')
 3 SYSTEMPATH/View/View.php(237): CodeIgniter\View\View->CodeIgniter\View\{closure}()
 4 SYSTEMPATH/Common.php(1171): CodeIgniter\View\View->render('welcome_message', [], true)
 5 APPPATH/Controllers/Home.php(9): view('welcome_message')
 6 SYSTEMPATH/CodeIgniter.php(933): App\Controllers\Home->index()
 7 SYSTEMPATH/CodeIgniter.php(509): CodeIgniter\CodeIgniter->runController(Object(App\Controllers\Home))
 8 SYSTEMPATH/CodeIgniter.php(355): CodeIgniter\CodeIgniter->handleRequest(null, Object(Config\Cache), false)
 9 SYSTEMPATH/Boot.php(325): CodeIgniter\CodeIgniter->run()
10 SYSTEMPATH/Boot.php(67): CodeIgniter\Boot::runCodeIgniter(Object(CodeIgniter\CodeIgniter))
11 FCPATH/index.php(56): CodeIgniter\Boot::bootWeb(Object(Config\Paths))
CRITICAL - 2024-07-10 21:36:46 --> ErrorException: Undefined property: CodeIgniter\View\View::$input
[Method: GET, Route: /]
in APPPATH/Views/welcome_message.php on line 14.
 1 APPPATH/Views/welcome_message.php(14): CodeIgniter\Debug\Exceptions->errorHandler(2, 'Undefined property: CodeIgniter\\View\\View::$input', '/Users/MacPro/Sites/exampleproject/app/Views/welcome_message.php', 14)
 2 SYSTEMPATH/View/View.php(234): include('/Users/MacPro/Sites/exampleproject/app/Views/welcome_message.php')
 3 SYSTEMPATH/View/View.php(237): CodeIgniter\View\View->CodeIgniter\View\{closure}()
 4 SYSTEMPATH/Common.php(1171): CodeIgniter\View\View->render('welcome_message', [], true)
 5 APPPATH/Controllers/Home.php(9): view('welcome_message')
 6 SYSTEMPATH/CodeIgniter.php(933): App\Controllers\Home->index()
 7 SYSTEMPATH/CodeIgniter.php(509): CodeIgniter\CodeIgniter->runController(Object(App\Controllers\Home))
 8 SYSTEMPATH/CodeIgniter.php(355): CodeIgniter\CodeIgniter->handleRequest(null, Object(Config\Cache), false)
 9 SYSTEMPATH/Boot.php(325): CodeIgniter\CodeIgniter->run()
10 SYSTEMPATH/Boot.php(67): CodeIgniter\Boot::runCodeIgniter(Object(CodeIgniter\CodeIgniter))
11 FCPATH/index.php(56): CodeIgniter\Boot::bootWeb(Object(Config\Paths))
CRITICAL - 2024-07-10 21:40:02 --> ErrorException: Undefined property: CodeIgniter\View\View::$input
[Method: GET, Route: /]
in APPPATH/Views/welcome_message.php on line 14.
 1 APPPATH/Views/welcome_message.php(14): CodeIgniter\Debug\Exceptions->errorHandler(2, 'Undefined property: CodeIgniter\\View\\View::$input', '/Users/MacPro/Sites/exampleproject/app/Views/welcome_message.php', 14)
 2 SYSTEMPATH/View/View.php(234): include('/Users/MacPro/Sites/exampleproject/app/Views/welcome_message.php')
 3 SYSTEMPATH/View/View.php(237): CodeIgniter\View\View->CodeIgniter\View\{closure}()
 4 SYSTEMPATH/Common.php(1171): CodeIgniter\View\View->render('welcome_message', [], true)
 5 APPPATH/Controllers/Home.php(9): view('welcome_message')
 6 SYSTEMPATH/CodeIgniter.php(933): App\Controllers\Home->index()
 7 SYSTEMPATH/CodeIgniter.php(509): CodeIgniter\CodeIgniter->runController(Object(App\Controllers\Home))
 8 SYSTEMPATH/CodeIgniter.php(355): CodeIgniter\CodeIgniter->handleRequest(null, Object(Config\Cache), false)
 9 SYSTEMPATH/Boot.php(325): CodeIgniter\CodeIgniter->run()
10 SYSTEMPATH/Boot.php(67): CodeIgniter\Boot::runCodeIgniter(Object(CodeIgniter\CodeIgniter))
11 FCPATH/index.php(56): CodeIgniter\Boot::bootWeb(Object(Config\Paths))
CRITICAL - 2024-07-10 21:40:09 --> ErrorException: Undefined property: CodeIgniter\View\View::$input
[Method: GET, Route: /]
in APPPATH/Views/welcome_message.php on line 14.
 1 APPPATH/Views/welcome_message.php(14): CodeIgniter\Debug\Exceptions->errorHandler(2, 'Undefined property: CodeIgniter\\View\\View::$input', '/Users/MacPro/Sites/exampleproject/app/Views/welcome_message.php', 14)
 2 SYSTEMPATH/View/View.php(234): include('/Users/MacPro/Sites/exampleproject/app/Views/welcome_message.php')
 3 SYSTEMPATH/View/View.php(237): CodeIgniter\View\View->CodeIgniter\View\{closure}()
 4 SYSTEMPATH/Common.php(1171): CodeIgniter\View\View->render('welcome_message', [], true)
 5 APPPATH/Controllers/Home.php(9): view('welcome_message')
 6 SYSTEMPATH/CodeIgniter.php(933): App\Controllers\Home->index()
 7 SYSTEMPATH/CodeIgniter.php(509): CodeIgniter\CodeIgniter->runController(Object(App\Controllers\Home))
 8 SYSTEMPATH/CodeIgniter.php(355): CodeIgniter\CodeIgniter->handleRequest(null, Object(Config\Cache), false)
 9 SYSTEMPATH/Boot.php(325): CodeIgniter\CodeIgniter->run()
10 SYSTEMPATH/Boot.php(67): CodeIgniter\Boot::runCodeIgniter(Object(CodeIgniter\CodeIgniter))
11 FCPATH/index.php(56): CodeIgniter\Boot::bootWeb(Object(Config\Paths))
CRITICAL - 2024-07-10 21:41:52 --> ErrorException: Undefined property: CodeIgniter\View\View::$input
[Method: GET, Route: /]
in APPPATH/Views/welcome_message.php on line 14.
 1 APPPATH/Views/welcome_message.php(14): CodeIgniter\Debug\Exceptions->errorHandler(2, 'Undefined property: CodeIgniter\\View\\View::$input', '/Users/MacPro/Sites/exampleproject/app/Views/welcome_message.php', 14)
 2 SYSTEMPATH/View/View.php(234): include('/Users/MacPro/Sites/exampleproject/app/Views/welcome_message.php')
 3 SYSTEMPATH/View/View.php(237): CodeIgniter\View\View->CodeIgniter\View\{closure}()
 4 SYSTEMPATH/Common.php(1171): CodeIgniter\View\View->render('welcome_message', [], true)
 5 APPPATH/Controllers/Home.php(9): view('welcome_message')
 6 SYSTEMPATH/CodeIgniter.php(933): App\Controllers\Home->index()
 7 SYSTEMPATH/CodeIgniter.php(509): CodeIgniter\CodeIgniter->runController(Object(App\Controllers\Home))
 8 SYSTEMPATH/CodeIgniter.php(355): CodeIgniter\CodeIgniter->handleRequest(null, Object(Config\Cache), false)
 9 SYSTEMPATH/Boot.php(325): CodeIgniter\CodeIgniter->run()
10 SYSTEMPATH/Boot.php(67): CodeIgniter\Boot::runCodeIgniter(Object(CodeIgniter\CodeIgniter))
11 FCPATH/index.php(56): CodeIgniter\Boot::bootWeb(Object(Config\Paths))
CRITICAL - 2024-07-10 21:41:54 --> ErrorException: Undefined property: CodeIgniter\View\View::$input
[Method: GET, Route: /]
in APPPATH/Views/welcome_message.php on line 14.
 1 APPPATH/Views/welcome_message.php(14): CodeIgniter\Debug\Exceptions->errorHandler(2, 'Undefined property: CodeIgniter\\View\\View::$input', '/Users/MacPro/Sites/exampleproject/app/Views/welcome_message.php', 14)
 2 SYSTEMPATH/View/View.php(234): include('/Users/MacPro/Sites/exampleproject/app/Views/welcome_message.php')
 3 SYSTEMPATH/View/View.php(237): CodeIgniter\View\View->CodeIgniter\View\{closure}()
 4 SYSTEMPATH/Common.php(1171): CodeIgniter\View\View->render('welcome_message', [], true)
 5 APPPATH/Controllers/Home.php(9): view('welcome_message')
 6 SYSTEMPATH/CodeIgniter.php(933): App\Controllers\Home->index()
 7 SYSTEMPATH/CodeIgniter.php(509): CodeIgniter\CodeIgniter->runController(Object(App\Controllers\Home))
 8 SYSTEMPATH/CodeIgniter.php(355): CodeIgniter\CodeIgniter->handleRequest(null, Object(Config\Cache), false)
 9 SYSTEMPATH/Boot.php(325): CodeIgniter\CodeIgniter->run()
10 SYSTEMPATH/Boot.php(67): CodeIgniter\Boot::runCodeIgniter(Object(CodeIgniter\CodeIgniter))
11 FCPATH/index.php(56): CodeIgniter\Boot::bootWeb(Object(Config\Paths))
CRITICAL - 2024-07-10 21:42:01 --> Error: Call to undefined method CodeIgniter\View\View::post()
[Method: GET, Route: /]
in APPPATH/Views/welcome_message.php on line 14.
 1 SYSTEMPATH/View/View.php(234): include()
 2 SYSTEMPATH/View/View.php(237): CodeIgniter\View\View->CodeIgniter\View\{closure}()
 3 SYSTEMPATH/Common.php(1171): CodeIgniter\View\View->render('welcome_message', [], true)
 4 APPPATH/Controllers/Home.php(9): view('welcome_message')
 5 SYSTEMPATH/CodeIgniter.php(933): App\Controllers\Home->index()
 6 SYSTEMPATH/CodeIgniter.php(509): CodeIgniter\CodeIgniter->runController(Object(App\Controllers\Home))
 7 SYSTEMPATH/CodeIgniter.php(355): CodeIgniter\CodeIgniter->handleRequest(null, Object(Config\Cache), false)
 8 SYSTEMPATH/Boot.php(325): CodeIgniter\CodeIgniter->run()
 9 SYSTEMPATH/Boot.php(67): CodeIgniter\Boot::runCodeIgniter(Object(CodeIgniter\CodeIgniter))
10 FCPATH/index.php(56): CodeIgniter\Boot::bootWeb(Object(Config\Paths))
CRITICAL - 2024-07-10 21:46:20 --> ErrorException: Undefined property: CodeIgniter\View\View::$input
[Method: GET, Route: /]
in APPPATH/Views/welcome_message.php on line 14.
 1 APPPATH/Views/welcome_message.php(14): CodeIgniter\Debug\Exceptions->errorHandler(2, 'Undefined property: CodeIgniter\\View\\View::$input', '/Users/MacPro/Sites/exampleproject/app/Views/welcome_message.php', 14)
 2 SYSTEMPATH/View/View.php(234): include('/Users/MacPro/Sites/exampleproject/app/Views/welcome_message.php')
 3 SYSTEMPATH/View/View.php(237): CodeIgniter\View\View->CodeIgniter\View\{closure}()
 4 SYSTEMPATH/Common.php(1171): CodeIgniter\View\View->render('welcome_message', [], true)
 5 APPPATH/Controllers/Home.php(9): view('welcome_message')
 6 SYSTEMPATH/CodeIgniter.php(933): App\Controllers\Home->index()
 7 SYSTEMPATH/CodeIgniter.php(509): CodeIgniter\CodeIgniter->runController(Object(App\Controllers\Home))
 8 SYSTEMPATH/CodeIgniter.php(355): CodeIgniter\CodeIgniter->handleRequest(null, Object(Config\Cache), false)
 9 SYSTEMPATH/Boot.php(325): CodeIgniter\CodeIgniter->run()
10 SYSTEMPATH/Boot.php(67): CodeIgniter\Boot::runCodeIgniter(Object(CodeIgniter\CodeIgniter))
11 FCPATH/index.php(56): CodeIgniter\Boot::bootWeb(Object(Config\Paths))
CRITICAL - 2024-07-10 21:46:35 --> ErrorException: Undefined property: CodeIgniter\View\View::$input
[Method: GET, Route: /]
in APPPATH/Views/welcome_message.php on line 14.
 1 APPPATH/Views/welcome_message.php(14): CodeIgniter\Debug\Exceptions->errorHandler(2, 'Undefined property: CodeIgniter\\View\\View::$input', '/Users/MacPro/Sites/exampleproject/app/Views/welcome_message.php', 14)
 2 SYSTEMPATH/View/View.php(234): include('/Users/MacPro/Sites/exampleproject/app/Views/welcome_message.php')
 3 SYSTEMPATH/View/View.php(237): CodeIgniter\View\View->CodeIgniter\View\{closure}()
 4 SYSTEMPATH/Common.php(1171): CodeIgniter\View\View->render('welcome_message', [], true)
 5 APPPATH/Controllers/Home.php(9): view('welcome_message')
 6 SYSTEMPATH/CodeIgniter.php(933): App\Controllers\Home->index()
 7 SYSTEMPATH/CodeIgniter.php(509): CodeIgniter\CodeIgniter->runController(Object(App\Controllers\Home))
 8 SYSTEMPATH/CodeIgniter.php(355): CodeIgniter\CodeIgniter->handleRequest(null, Object(Config\Cache), false)
 9 SYSTEMPATH/Boot.php(325): CodeIgniter\CodeIgniter->run()
10 SYSTEMPATH/Boot.php(67): CodeIgniter\Boot::runCodeIgniter(Object(CodeIgniter\CodeIgniter))
11 FCPATH/index.php(56): CodeIgniter\Boot::bootWeb(Object(Config\Paths))
CRITICAL - 2024-07-10 21:46:37 --> ErrorException: Undefined property: CodeIgniter\View\View::$input
[Method: GET, Route: /]
in APPPATH/Views/welcome_message.php on line 14.
 1 APPPATH/Views/welcome_message.php(14): CodeIgniter\Debug\Exceptions->errorHandler(2, 'Undefined property: CodeIgniter\\View\\View::$input', '/Users/MacPro/Sites/exampleproject/app/Views/welcome_message.php', 14)
 2 SYSTEMPATH/View/View.php(234): include('/Users/MacPro/Sites/exampleproject/app/Views/welcome_message.php')
 3 SYSTEMPATH/View/View.php(237): CodeIgniter\View\View->CodeIgniter\View\{closure}()
 4 SYSTEMPATH/Common.php(1171): CodeIgniter\View\View->render('welcome_message', [], true)
 5 APPPATH/Controllers/Home.php(9): view('welcome_message')
 6 SYSTEMPATH/CodeIgniter.php(933): App\Controllers\Home->index()
 7 SYSTEMPATH/CodeIgniter.php(509): CodeIgniter\CodeIgniter->runController(Object(App\Controllers\Home))
 8 SYSTEMPATH/CodeIgniter.php(355): CodeIgniter\CodeIgniter->handleRequest(null, Object(Config\Cache), false)
 9 SYSTEMPATH/Boot.php(325): CodeIgniter\CodeIgniter->run()
10 SYSTEMPATH/Boot.php(67): CodeIgniter\Boot::runCodeIgniter(Object(CodeIgniter\CodeIgniter))
11 FCPATH/index.php(56): CodeIgniter\Boot::bootWeb(Object(Config\Paths))
CRITICAL - 2024-07-10 21:47:49 --> ErrorException: Undefined property: CodeIgniter\View\View::$input
[Method: GET, Route: /]
in APPPATH/Views/welcome_message.php on line 14.
 1 APPPATH/Views/welcome_message.php(14): CodeIgniter\Debug\Exceptions->errorHandler(2, 'Undefined property: CodeIgniter\\View\\View::$input', '/Users/MacPro/Sites/exampleproject/app/Views/welcome_message.php', 14)
 2 SYSTEMPATH/View/View.php(234): include('/Users/MacPro/Sites/exampleproject/app/Views/welcome_message.php')
 3 SYSTEMPATH/View/View.php(237): CodeIgniter\View\View->CodeIgniter\View\{closure}()
 4 SYSTEMPATH/Common.php(1171): CodeIgniter\View\View->render('welcome_message', [], true)
 5 APPPATH/Controllers/Home.php(9): view('welcome_message')
 6 SYSTEMPATH/CodeIgniter.php(933): App\Controllers\Home->index()
 7 SYSTEMPATH/CodeIgniter.php(509): CodeIgniter\CodeIgniter->runController(Object(App\Controllers\Home))
 8 SYSTEMPATH/CodeIgniter.php(355): CodeIgniter\CodeIgniter->handleRequest(null, Object(Config\Cache), false)
 9 SYSTEMPATH/Boot.php(325): CodeIgniter\CodeIgniter->run()
10 SYSTEMPATH/Boot.php(67): CodeIgniter\Boot::runCodeIgniter(Object(CodeIgniter\CodeIgniter))
11 FCPATH/index.php(56): CodeIgniter\Boot::bootWeb(Object(Config\Paths))
CRITICAL - 2024-07-10 21:48:10 --> ErrorException: Undefined property: CodeIgniter\View\View::$input
[Method: GET, Route: /]
in APPPATH/Views/welcome_message.php on line 14.
 1 APPPATH/Views/welcome_message.php(14): CodeIgniter\Debug\Exceptions->errorHandler(2, 'Undefined property: CodeIgniter\\View\\View::$input', '/Users/MacPro/Sites/exampleproject/app/Views/welcome_message.php', 14)
 2 SYSTEMPATH/View/View.php(234): include('/Users/MacPro/Sites/exampleproject/app/Views/welcome_message.php')
 3 SYSTEMPATH/View/View.php(237): CodeIgniter\View\View->CodeIgniter\View\{closure}()
 4 SYSTEMPATH/Common.php(1171): CodeIgniter\View\View->render('welcome_message', [], true)
 5 APPPATH/Controllers/Home.php(9): view('welcome_message')
 6 SYSTEMPATH/CodeIgniter.php(933): App\Controllers\Home->index()
 7 SYSTEMPATH/CodeIgniter.php(509): CodeIgniter\CodeIgniter->runController(Object(App\Controllers\Home))
 8 SYSTEMPATH/CodeIgniter.php(355): CodeIgniter\CodeIgniter->handleRequest(null, Object(Config\Cache), false)
 9 SYSTEMPATH/Boot.php(325): CodeIgniter\CodeIgniter->run()
10 SYSTEMPATH/Boot.php(67): CodeIgniter\Boot::runCodeIgniter(Object(CodeIgniter\CodeIgniter))
11 FCPATH/index.php(56): CodeIgniter\Boot::bootWeb(Object(Config\Paths))
CRITICAL - 2024-07-10 21:48:17 --> ErrorException: Undefined property: CodeIgniter\View\View::$input
[Method: GET, Route: /]
in APPPATH/Views/welcome_message.php on line 14.
 1 APPPATH/Views/welcome_message.php(14): CodeIgniter\Debug\Exceptions->errorHandler(2, 'Undefined property: CodeIgniter\\View\\View::$input', '/Users/MacPro/Sites/exampleproject/app/Views/welcome_message.php', 14)
 2 SYSTEMPATH/View/View.php(234): include('/Users/MacPro/Sites/exampleproject/app/Views/welcome_message.php')
 3 SYSTEMPATH/View/View.php(237): CodeIgniter\View\View->CodeIgniter\View\{closure}()
 4 SYSTEMPATH/Common.php(1171): CodeIgniter\View\View->render('welcome_message', [], true)
 5 APPPATH/Controllers/Home.php(9): view('welcome_message')
 6 SYSTEMPATH/CodeIgniter.php(933): App\Controllers\Home->index()
 7 SYSTEMPATH/CodeIgniter.php(509): CodeIgniter\CodeIgniter->runController(Object(App\Controllers\Home))
 8 SYSTEMPATH/CodeIgniter.php(355): CodeIgniter\CodeIgniter->handleRequest(null, Object(Config\Cache), false)
 9 SYSTEMPATH/Boot.php(325): CodeIgniter\CodeIgniter->run()
10 SYSTEMPATH/Boot.php(67): CodeIgniter\Boot::runCodeIgniter(Object(CodeIgniter\CodeIgniter))
11 FCPATH/index.php(56): CodeIgniter\Boot::bootWeb(Object(Config\Paths))
CRITICAL - 2024-07-10 21:48:19 --> ErrorException: Undefined property: CodeIgniter\View\View::$input
[Method: GET, Route: /]
in APPPATH/Views/welcome_message.php on line 14.
 1 APPPATH/Views/welcome_message.php(14): CodeIgniter\Debug\Exceptions->errorHandler(2, 'Undefined property: CodeIgniter\\View\\View::$input', '/Users/MacPro/Sites/exampleproject/app/Views/welcome_message.php', 14)
 2 SYSTEMPATH/View/View.php(234): include('/Users/MacPro/Sites/exampleproject/app/Views/welcome_message.php')
 3 SYSTEMPATH/View/View.php(237): CodeIgniter\View\View->CodeIgniter\View\{closure}()
 4 SYSTEMPATH/Common.php(1171): CodeIgniter\View\View->render('welcome_message', [], true)
 5 APPPATH/Controllers/Home.php(9): view('welcome_message')
 6 SYSTEMPATH/CodeIgniter.php(933): App\Controllers\Home->index()
 7 SYSTEMPATH/CodeIgniter.php(509): CodeIgniter\CodeIgniter->runController(Object(App\Controllers\Home))
 8 SYSTEMPATH/CodeIgniter.php(355): CodeIgniter\CodeIgniter->handleRequest(null, Object(Config\Cache), false)
 9 SYSTEMPATH/Boot.php(325): CodeIgniter\CodeIgniter->run()
10 SYSTEMPATH/Boot.php(67): CodeIgniter\Boot::runCodeIgniter(Object(CodeIgniter\CodeIgniter))
11 FCPATH/index.php(56): CodeIgniter\Boot::bootWeb(Object(Config\Paths))
CRITICAL - 2024-07-10 21:48:29 --> ErrorException: Undefined property: CodeIgniter\View\View::$input
[Method: GET, Route: /]
in APPPATH/Views/welcome_message.php on line 14.
 1 APPPATH/Views/welcome_message.php(14): CodeIgniter\Debug\Exceptions->errorHandler(2, 'Undefined property: CodeIgniter\\View\\View::$input', '/Users/MacPro/Sites/exampleproject/app/Views/welcome_message.php', 14)
 2 SYSTEMPATH/View/View.php(234): include('/Users/MacPro/Sites/exampleproject/app/Views/welcome_message.php')
 3 SYSTEMPATH/View/View.php(237): CodeIgniter\View\View->CodeIgniter\View\{closure}()
 4 SYSTEMPATH/Common.php(1171): CodeIgniter\View\View->render('welcome_message', [], true)
 5 APPPATH/Controllers/Home.php(9): view('welcome_message')
 6 SYSTEMPATH/CodeIgniter.php(933): App\Controllers\Home->index()
 7 SYSTEMPATH/CodeIgniter.php(509): CodeIgniter\CodeIgniter->runController(Object(App\Controllers\Home))
 8 SYSTEMPATH/CodeIgniter.php(355): CodeIgniter\CodeIgniter->handleRequest(null, Object(Config\Cache), false)
 9 SYSTEMPATH/Boot.php(325): CodeIgniter\CodeIgniter->run()
10 SYSTEMPATH/Boot.php(67): CodeIgniter\Boot::runCodeIgniter(Object(CodeIgniter\CodeIgniter))
11 FCPATH/index.php(56): CodeIgniter\Boot::bootWeb(Object(Config\Paths))
CRITICAL - 2024-07-10 21:48:43 --> ErrorException: Undefined property: CodeIgniter\View\View::$input
[Method: GET, Route: /]
in APPPATH/Views/welcome_message.php on line 14.
 1 APPPATH/Views/welcome_message.php(14): CodeIgniter\Debug\Exceptions->errorHandler(2, 'Undefined property: CodeIgniter\\View\\View::$input', '/Users/MacPro/Sites/exampleproject/app/Views/welcome_message.php', 14)
 2 SYSTEMPATH/View/View.php(234): include('/Users/MacPro/Sites/exampleproject/app/Views/welcome_message.php')
 3 SYSTEMPATH/View/View.php(237): CodeIgniter\View\View->CodeIgniter\View\{closure}()
 4 SYSTEMPATH/Common.php(1171): CodeIgniter\View\View->render('welcome_message', [], true)
 5 APPPATH/Controllers/Home.php(9): view('welcome_message')
 6 SYSTEMPATH/CodeIgniter.php(933): App\Controllers\Home->index()
 7 SYSTEMPATH/CodeIgniter.php(509): CodeIgniter\CodeIgniter->runController(Object(App\Controllers\Home))
 8 SYSTEMPATH/CodeIgniter.php(355): CodeIgniter\CodeIgniter->handleRequest(null, Object(Config\Cache), false)
 9 SYSTEMPATH/Boot.php(325): CodeIgniter\CodeIgniter->run()
10 SYSTEMPATH/Boot.php(67): CodeIgniter\Boot::runCodeIgniter(Object(CodeIgniter\CodeIgniter))
11 FCPATH/index.php(56): CodeIgniter\Boot::bootWeb(Object(Config\Paths))
CRITICAL - 2024-07-10 21:48:50 --> ErrorException: Undefined property: CodeIgniter\View\View::$input
[Method: GET, Route: /]
in APPPATH/Views/welcome_message.php on line 14.
 1 APPPATH/Views/welcome_message.php(14): CodeIgniter\Debug\Exceptions->errorHandler(2, 'Undefined property: CodeIgniter\\View\\View::$input', '/Users/MacPro/Sites/exampleproject/app/Views/welcome_message.php', 14)
 2 SYSTEMPATH/View/View.php(234): include('/Users/MacPro/Sites/exampleproject/app/Views/welcome_message.php')
 3 SYSTEMPATH/View/View.php(237): CodeIgniter\View\View->CodeIgniter\View\{closure}()
 4 SYSTEMPATH/Common.php(1171): CodeIgniter\View\View->render('welcome_message', [], true)
 5 APPPATH/Controllers/Home.php(9): view('welcome_message')
 6 SYSTEMPATH/CodeIgniter.php(933): App\Controllers\Home->index()
 7 SYSTEMPATH/CodeIgniter.php(509): CodeIgniter\CodeIgniter->runController(Object(App\Controllers\Home))
 8 SYSTEMPATH/CodeIgniter.php(355): CodeIgniter\CodeIgniter->handleRequest(null, Object(Config\Cache), false)
 9 SYSTEMPATH/Boot.php(325): CodeIgniter\CodeIgniter->run()
10 SYSTEMPATH/Boot.php(67): CodeIgniter\Boot::runCodeIgniter(Object(CodeIgniter\CodeIgniter))
11 FCPATH/index.php(56): CodeIgniter\Boot::bootWeb(Object(Config\Paths))
CRITICAL - 2024-07-10 21:49:25 --> ErrorException: Undefined property: CodeIgniter\View\View::$input
[Method: GET, Route: /]
in APPPATH/Views/welcome_message.php on line 14.
 1 APPPATH/Views/welcome_message.php(14): CodeIgniter\Debug\Exceptions->errorHandler(2, 'Undefined property: CodeIgniter\\View\\View::$input', '/Users/MacPro/Sites/exampleproject/app/Views/welcome_message.php', 14)
 2 SYSTEMPATH/View/View.php(234): include('/Users/MacPro/Sites/exampleproject/app/Views/welcome_message.php')
 3 SYSTEMPATH/View/View.php(237): CodeIgniter\View\View->CodeIgniter\View\{closure}()
 4 SYSTEMPATH/Common.php(1171): CodeIgniter\View\View->render('welcome_message', [], true)
 5 APPPATH/Controllers/Home.php(9): view('welcome_message')
 6 SYSTEMPATH/CodeIgniter.php(933): App\Controllers\Home->index()
 7 SYSTEMPATH/CodeIgniter.php(509): CodeIgniter\CodeIgniter->runController(Object(App\Controllers\Home))
 8 SYSTEMPATH/CodeIgniter.php(355): CodeIgniter\CodeIgniter->handleRequest(null, Object(Config\Cache), false)
 9 SYSTEMPATH/Boot.php(325): CodeIgniter\CodeIgniter->run()
10 SYSTEMPATH/Boot.php(67): CodeIgniter\Boot::runCodeIgniter(Object(CodeIgniter\CodeIgniter))
11 FCPATH/index.php(56): CodeIgniter\Boot::bootWeb(Object(Config\Paths))
CRITICAL - 2024-07-10 21:49:29 --> ErrorException: Undefined property: CodeIgniter\View\View::$input
[Method: GET, Route: /]
in APPPATH/Views/welcome_message.php on line 14.
 1 APPPATH/Views/welcome_message.php(14): CodeIgniter\Debug\Exceptions->errorHandler(2, 'Undefined property: CodeIgniter\\View\\View::$input', '/Users/MacPro/Sites/exampleproject/app/Views/welcome_message.php', 14)
 2 SYSTEMPATH/View/View.php(234): include('/Users/MacPro/Sites/exampleproject/app/Views/welcome_message.php')
 3 SYSTEMPATH/View/View.php(237): CodeIgniter\View\View->CodeIgniter\View\{closure}()
 4 SYSTEMPATH/Common.php(1171): CodeIgniter\View\View->render('welcome_message', [], true)
 5 APPPATH/Controllers/Home.php(9): view('welcome_message')
 6 SYSTEMPATH/CodeIgniter.php(933): App\Controllers\Home->index()
 7 SYSTEMPATH/CodeIgniter.php(509): CodeIgniter\CodeIgniter->runController(Object(App\Controllers\Home))
 8 SYSTEMPATH/CodeIgniter.php(355): CodeIgniter\CodeIgniter->handleRequest(null, Object(Config\Cache), false)
 9 SYSTEMPATH/Boot.php(325): CodeIgniter\CodeIgniter->run()
10 SYSTEMPATH/Boot.php(67): CodeIgniter\Boot::runCodeIgniter(Object(CodeIgniter\CodeIgniter))
11 FCPATH/index.php(56): CodeIgniter\Boot::bootWeb(Object(Config\Paths))
CRITICAL - 2024-07-10 21:49:35 --> ErrorException: Undefined property: CodeIgniter\View\View::$input
[Method: GET, Route: /]
in APPPATH/Views/welcome_message.php on line 14.
 1 APPPATH/Views/welcome_message.php(14): CodeIgniter\Debug\Exceptions->errorHandler(2, 'Undefined property: CodeIgniter\\View\\View::$input', '/Users/MacPro/Sites/exampleproject/app/Views/welcome_message.php', 14)
 2 SYSTEMPATH/View/View.php(234): include('/Users/MacPro/Sites/exampleproject/app/Views/welcome_message.php')
 3 SYSTEMPATH/View/View.php(237): CodeIgniter\View\View->CodeIgniter\View\{closure}()
 4 SYSTEMPATH/Common.php(1171): CodeIgniter\View\View->render('welcome_message', [], true)
 5 APPPATH/Controllers/Home.php(9): view('welcome_message')
 6 SYSTEMPATH/CodeIgniter.php(933): App\Controllers\Home->index()
 7 SYSTEMPATH/CodeIgniter.php(509): CodeIgniter\CodeIgniter->runController(Object(App\Controllers\Home))
 8 SYSTEMPATH/CodeIgniter.php(355): CodeIgniter\CodeIgniter->handleRequest(null, Object(Config\Cache), false)
 9 SYSTEMPATH/Boot.php(325): CodeIgniter\CodeIgniter->run()
10 SYSTEMPATH/Boot.php(67): CodeIgniter\Boot::runCodeIgniter(Object(CodeIgniter\CodeIgniter))
11 FCPATH/index.php(56): CodeIgniter\Boot::bootWeb(Object(Config\Paths))
CRITICAL - 2024-07-10 21:49:54 --> ErrorException: Undefined property: CodeIgniter\View\View::$input
[Method: GET, Route: /]
in APPPATH/Views/welcome_message.php on line 14.
 1 APPPATH/Views/welcome_message.php(14): CodeIgniter\Debug\Exceptions->errorHandler(2, 'Undefined property: CodeIgniter\\View\\View::$input', '/Users/MacPro/Sites/exampleproject/app/Views/welcome_message.php', 14)
 2 SYSTEMPATH/View/View.php(234): include('/Users/MacPro/Sites/exampleproject/app/Views/welcome_message.php')
 3 SYSTEMPATH/View/View.php(237): CodeIgniter\View\View->CodeIgniter\View\{closure}()
 4 SYSTEMPATH/Common.php(1171): CodeIgniter\View\View->render('welcome_message', [], true)
 5 APPPATH/Controllers/Home.php(9): view('welcome_message')
 6 SYSTEMPATH/CodeIgniter.php(933): App\Controllers\Home->index()
 7 SYSTEMPATH/CodeIgniter.php(509): CodeIgniter\CodeIgniter->runController(Object(App\Controllers\Home))
 8 SYSTEMPATH/CodeIgniter.php(355): CodeIgniter\CodeIgniter->handleRequest(null, Object(Config\Cache), false)
 9 SYSTEMPATH/Boot.php(325): CodeIgniter\CodeIgniter->run()
10 SYSTEMPATH/Boot.php(67): CodeIgniter\Boot::runCodeIgniter(Object(CodeIgniter\CodeIgniter))
11 FCPATH/index.php(56): CodeIgniter\Boot::bootWeb(Object(Config\Paths))
CRITICAL - 2024-07-10 21:49:59 --> ErrorException: Undefined property: CodeIgniter\View\View::$input
[Method: GET, Route: /]
in APPPATH/Views/welcome_message.php on line 14.
 1 APPPATH/Views/welcome_message.php(14): CodeIgniter\Debug\Exceptions->errorHandler(2, 'Undefined property: CodeIgniter\\View\\View::$input', '/Users/MacPro/Sites/exampleproject/app/Views/welcome_message.php', 14)
 2 SYSTEMPATH/View/View.php(234): include('/Users/MacPro/Sites/exampleproject/app/Views/welcome_message.php')
 3 SYSTEMPATH/View/View.php(237): CodeIgniter\View\View->CodeIgniter\View\{closure}()
 4 SYSTEMPATH/Common.php(1171): CodeIgniter\View\View->render('welcome_message', [], true)
 5 APPPATH/Controllers/Home.php(9): view('welcome_message')
 6 SYSTEMPATH/CodeIgniter.php(933): App\Controllers\Home->index()
 7 SYSTEMPATH/CodeIgniter.php(509): CodeIgniter\CodeIgniter->runController(Object(App\Controllers\Home))
 8 SYSTEMPATH/CodeIgniter.php(355): CodeIgniter\CodeIgniter->handleRequest(null, Object(Config\Cache), false)
 9 SYSTEMPATH/Boot.php(325): CodeIgniter\CodeIgniter->run()
10 SYSTEMPATH/Boot.php(67): CodeIgniter\Boot::runCodeIgniter(Object(CodeIgniter\CodeIgniter))
11 FCPATH/index.php(56): CodeIgniter\Boot::bootWeb(Object(Config\Paths))
CRITICAL - 2024-07-10 21:50:01 --> ErrorException: Undefined property: CodeIgniter\View\View::$input
[Method: GET, Route: /]
in APPPATH/Views/welcome_message.php on line 14.
 1 APPPATH/Views/welcome_message.php(14): CodeIgniter\Debug\Exceptions->errorHandler(2, 'Undefined property: CodeIgniter\\View\\View::$input', '/Users/MacPro/Sites/exampleproject/app/Views/welcome_message.php', 14)
 2 SYSTEMPATH/View/View.php(234): include('/Users/MacPro/Sites/exampleproject/app/Views/welcome_message.php')
 3 SYSTEMPATH/View/View.php(237): CodeIgniter\View\View->CodeIgniter\View\{closure}()
 4 SYSTEMPATH/Common.php(1171): CodeIgniter\View\View->render('welcome_message', [], true)
 5 APPPATH/Controllers/Home.php(9): view('welcome_message')
 6 SYSTEMPATH/CodeIgniter.php(933): App\Controllers\Home->index()
 7 SYSTEMPATH/CodeIgniter.php(509): CodeIgniter\CodeIgniter->runController(Object(App\Controllers\Home))
 8 SYSTEMPATH/CodeIgniter.php(355): CodeIgniter\CodeIgniter->handleRequest(null, Object(Config\Cache), false)
 9 SYSTEMPATH/Boot.php(325): CodeIgniter\CodeIgniter->run()
10 SYSTEMPATH/Boot.php(67): CodeIgniter\Boot::runCodeIgniter(Object(CodeIgniter\CodeIgniter))
11 FCPATH/index.php(56): CodeIgniter\Boot::bootWeb(Object(Config\Paths))
CRITICAL - 2024-07-10 21:51:29 --> ErrorException: Undefined property: CodeIgniter\View\View::$input
[Method: GET, Route: /]
in APPPATH/Views/welcome_message.php on line 14.
 1 APPPATH/Views/welcome_message.php(14): CodeIgniter\Debug\Exceptions->errorHandler(2, 'Undefined property: CodeIgniter\\View\\View::$input', '/Users/MacPro/Sites/exampleproject/app/Views/welcome_message.php', 14)
 2 SYSTEMPATH/View/View.php(234): include('/Users/MacPro/Sites/exampleproject/app/Views/welcome_message.php')
 3 SYSTEMPATH/View/View.php(237): CodeIgniter\View\View->CodeIgniter\View\{closure}()
 4 SYSTEMPATH/Common.php(1171): CodeIgniter\View\View->render('welcome_message', [], true)
 5 APPPATH/Controllers/Home.php(9): view('welcome_message')
 6 SYSTEMPATH/CodeIgniter.php(933): App\Controllers\Home->index()
 7 SYSTEMPATH/CodeIgniter.php(509): CodeIgniter\CodeIgniter->runController(Object(App\Controllers\Home))
 8 SYSTEMPATH/CodeIgniter.php(355): CodeIgniter\CodeIgniter->handleRequest(null, Object(Config\Cache), false)
 9 SYSTEMPATH/Boot.php(325): CodeIgniter\CodeIgniter->run()
10 SYSTEMPATH/Boot.php(67): CodeIgniter\Boot::runCodeIgniter(Object(CodeIgniter\CodeIgniter))
11 FCPATH/index.php(56): CodeIgniter\Boot::bootWeb(Object(Config\Paths))
CRITICAL - 2024-07-10 21:52:27 --> Error: Class "App\Controllers\CI_Controller" not found
[Method: GET, Route: /]
in APPPATH/Controllers/Welcome.php on line 5.
 1 SYSTEMPATH/Autoloader/Autoloader.php(317): include_once()
 2 SYSTEMPATH/Autoloader/Autoloader.php(296): CodeIgniter\Autoloader\Autoloader->includeFile('/Users/MacPro/Sites/exampleproject/app/Controllers/Welcome.php')
 3 SYSTEMPATH/Autoloader/Autoloader.php(272): CodeIgniter\Autoloader\Autoloader->loadInNamespace('App\\Controllers\\Welcome')
 4 [internal function]: CodeIgniter\Autoloader\Autoloader->loadClass('App\\Controllers\\Welcome')
 5 SYSTEMPATH/CodeIgniter.php(887): class_exists('\\App\\Controllers\\Welcome', true)
 6 SYSTEMPATH/CodeIgniter.php(496): CodeIgniter\CodeIgniter->startController()
 7 SYSTEMPATH/CodeIgniter.php(355): CodeIgniter\CodeIgniter->handleRequest(null, Object(Config\Cache), false)
 8 SYSTEMPATH/Boot.php(325): CodeIgniter\CodeIgniter->run()
 9 SYSTEMPATH/Boot.php(67): CodeIgniter\Boot::runCodeIgniter(Object(CodeIgniter\CodeIgniter))
10 FCPATH/index.php(56): CodeIgniter\Boot::bootWeb(Object(Config\Paths))
CRITICAL - 2024-07-10 21:52:59 --> Error: Class "App\Controllers\CI_Controller" not found
[Method: GET, Route: /]
in APPPATH/Controllers/Welcome.php on line 5.
 1 SYSTEMPATH/Autoloader/Autoloader.php(317): include_once()
 2 SYSTEMPATH/Autoloader/Autoloader.php(296): CodeIgniter\Autoloader\Autoloader->includeFile('/Users/MacPro/Sites/exampleproject/app/Controllers/Welcome.php')
 3 SYSTEMPATH/Autoloader/Autoloader.php(272): CodeIgniter\Autoloader\Autoloader->loadInNamespace('App\\Controllers\\Welcome')
 4 [internal function]: CodeIgniter\Autoloader\Autoloader->loadClass('App\\Controllers\\Welcome')
 5 SYSTEMPATH/CodeIgniter.php(887): class_exists('\\App\\Controllers\\Welcome', true)
 6 SYSTEMPATH/CodeIgniter.php(496): CodeIgniter\CodeIgniter->startController()
 7 SYSTEMPATH/CodeIgniter.php(355): CodeIgniter\CodeIgniter->handleRequest(null, Object(Config\Cache), false)
 8 SYSTEMPATH/Boot.php(325): CodeIgniter\CodeIgniter->run()
 9 SYSTEMPATH/Boot.php(67): CodeIgniter\Boot::runCodeIgniter(Object(CodeIgniter\CodeIgniter))
10 FCPATH/index.php(56): CodeIgniter\Boot::bootWeb(Object(Config\Paths))
CRITICAL - 2024-07-10 21:53:03 --> ErrorException: Undefined property: App\Controllers\Welcome::$load
[Method: GET, Route: /]
in APPPATH/Controllers/Welcome.php on line 10.
 1 APPPATH/Controllers/Welcome.php(10): CodeIgniter\Debug\Exceptions->errorHandler(2, 'Undefined property: App\\Controllers\\Welcome::$load', '/Users/MacPro/Sites/exampleproject/app/Controllers/Welcome.php', 10)
 2 SYSTEMPATH/CodeIgniter.php(933): App\Controllers\Welcome->index()
 3 SYSTEMPATH/CodeIgniter.php(509): CodeIgniter\CodeIgniter->runController(Object(App\Controllers\Welcome))
 4 SYSTEMPATH/CodeIgniter.php(355): CodeIgniter\CodeIgniter->handleRequest(null, Object(Config\Cache), false)
 5 SYSTEMPATH/Boot.php(325): CodeIgniter\CodeIgniter->run()
 6 SYSTEMPATH/Boot.php(67): CodeIgniter\Boot::runCodeIgniter(Object(CodeIgniter\CodeIgniter))
 7 FCPATH/index.php(56): CodeIgniter\Boot::bootWeb(Object(Config\Paths))
CRITICAL - 2024-07-10 21:53:30 --> ErrorException: Undefined property: App\Controllers\Welcome::$load
[Method: GET, Route: /]
in APPPATH/Controllers/Welcome.php on line 10.
 1 APPPATH/Controllers/Welcome.php(10): CodeIgniter\Debug\Exceptions->errorHandler(2, 'Undefined property: App\\Controllers\\Welcome::$load', '/Users/MacPro/Sites/exampleproject/app/Controllers/Welcome.php', 10)
 2 SYSTEMPATH/CodeIgniter.php(933): App\Controllers\Welcome->index()
 3 SYSTEMPATH/CodeIgniter.php(509): CodeIgniter\CodeIgniter->runController(Object(App\Controllers\Welcome))
 4 SYSTEMPATH/CodeIgniter.php(355): CodeIgniter\CodeIgniter->handleRequest(null, Object(Config\Cache), false)
 5 SYSTEMPATH/Boot.php(325): CodeIgniter\CodeIgniter->run()
 6 SYSTEMPATH/Boot.php(67): CodeIgniter\Boot::runCodeIgniter(Object(CodeIgniter\CodeIgniter))
 7 FCPATH/index.php(56): CodeIgniter\Boot::bootWeb(Object(Config\Paths))
CRITICAL - 2024-07-10 21:53:33 --> ErrorException: Undefined property: App\Controllers\Welcome::$load
[Method: GET, Route: /]
in APPPATH/Controllers/Welcome.php on line 13.
 1 APPPATH/Controllers/Welcome.php(13): CodeIgniter\Debug\Exceptions->errorHandler(2, 'Undefined property: App\\Controllers\\Welcome::$load', '/Users/MacPro/Sites/exampleproject/app/Controllers/Welcome.php', 13)
 2 SYSTEMPATH/CodeIgniter.php(933): App\Controllers\Welcome->index()
 3 SYSTEMPATH/CodeIgniter.php(509): CodeIgniter\CodeIgniter->runController(Object(App\Controllers\Welcome))
 4 SYSTEMPATH/CodeIgniter.php(355): CodeIgniter\CodeIgniter->handleRequest(null, Object(Config\Cache), false)
 5 SYSTEMPATH/Boot.php(325): CodeIgniter\CodeIgniter->run()
 6 SYSTEMPATH/Boot.php(67): CodeIgniter\Boot::runCodeIgniter(Object(CodeIgniter\CodeIgniter))
 7 FCPATH/index.php(56): CodeIgniter\Boot::bootWeb(Object(Config\Paths))
CRITICAL - 2024-07-10 21:53:44 --> ErrorException: Undefined property: App\Controllers\Welcome::$form_validation
[Method: GET, Route: /]
in APPPATH/Controllers/Welcome.php on line 16.
 1 APPPATH/Controllers/Welcome.php(16): CodeIgniter\Debug\Exceptions->errorHandler(2, 'Undefined property: App\\Controllers\\Welcome::$form_validation', '/Users/MacPro/Sites/exampleproject/app/Controllers/Welcome.php', 16)
 2 SYSTEMPATH/CodeIgniter.php(933): App\Controllers\Welcome->index()
 3 SYSTEMPATH/CodeIgniter.php(509): CodeIgniter\CodeIgniter->runController(Object(App\Controllers\Welcome))
 4 SYSTEMPATH/CodeIgniter.php(355): CodeIgniter\CodeIgniter->handleRequest(null, Object(Config\Cache), false)
 5 SYSTEMPATH/Boot.php(325): CodeIgniter\CodeIgniter->run()
 6 SYSTEMPATH/Boot.php(67): CodeIgniter\Boot::runCodeIgniter(Object(CodeIgniter\CodeIgniter))
 7 FCPATH/index.php(56): CodeIgniter\Boot::bootWeb(Object(Config\Paths))
CRITICAL - 2024-07-10 21:53:48 --> ErrorException: Undefined property: App\Controllers\Welcome::$form_validation
[Method: GET, Route: /]
in APPPATH/Controllers/Welcome.php on line 16.
 1 APPPATH/Controllers/Welcome.php(16): CodeIgniter\Debug\Exceptions->errorHandler(2, 'Undefined property: App\\Controllers\\Welcome::$form_validation', '/Users/MacPro/Sites/exampleproject/app/Controllers/Welcome.php', 16)
 2 SYSTEMPATH/CodeIgniter.php(933): App\Controllers\Welcome->index()
 3 SYSTEMPATH/CodeIgniter.php(509): CodeIgniter\CodeIgniter->runController(Object(App\Controllers\Welcome))
 4 SYSTEMPATH/CodeIgniter.php(355): CodeIgniter\CodeIgniter->handleRequest(null, Object(Config\Cache), false)
 5 SYSTEMPATH/Boot.php(325): CodeIgniter\CodeIgniter->run()
 6 SYSTEMPATH/Boot.php(67): CodeIgniter\Boot::runCodeIgniter(Object(CodeIgniter\CodeIgniter))
 7 FCPATH/index.php(56): CodeIgniter\Boot::bootWeb(Object(Config\Paths))
CRITICAL - 2024-07-10 21:55:22 --> ErrorException: Undefined property: App\Controllers\Welcome::$form_validation
[Method: GET, Route: /]
in APPPATH/Controllers/Welcome.php on line 16.
 1 APPPATH/Controllers/Welcome.php(16): CodeIgniter\Debug\Exceptions->errorHandler(2, 'Undefined property: App\\Controllers\\Welcome::$form_validation', '/Users/MacPro/Sites/exampleproject/app/Controllers/Welcome.php', 16)
 2 SYSTEMPATH/CodeIgniter.php(933): App\Controllers\Welcome->index()
 3 SYSTEMPATH/CodeIgniter.php(509): CodeIgniter\CodeIgniter->runController(Object(App\Controllers\Welcome))
 4 SYSTEMPATH/CodeIgniter.php(355): CodeIgniter\CodeIgniter->handleRequest(null, Object(Config\Cache), false)
 5 SYSTEMPATH/Boot.php(325): CodeIgniter\CodeIgniter->run()
 6 SYSTEMPATH/Boot.php(67): CodeIgniter\Boot::runCodeIgniter(Object(CodeIgniter\CodeIgniter))
 7 FCPATH/index.php(56): CodeIgniter\Boot::bootWeb(Object(Config\Paths))
CRITICAL - 2024-07-10 21:55:26 --> ErrorException: Undefined property: App\Controllers\Welcome::$load
[Method: GET, Route: /]
in APPPATH/Controllers/Welcome.php on line 10.
 1 APPPATH/Controllers/Welcome.php(10): CodeIgniter\Debug\Exceptions->errorHandler(2, 'Undefined property: App\\Controllers\\Welcome::$load', '/Users/MacPro/Sites/exampleproject/app/Controllers/Welcome.php', 10)
 2 SYSTEMPATH/CodeIgniter.php(933): App\Controllers\Welcome->index()
 3 SYSTEMPATH/CodeIgniter.php(509): CodeIgniter\CodeIgniter->runController(Object(App\Controllers\Welcome))
 4 SYSTEMPATH/CodeIgniter.php(355): CodeIgniter\CodeIgniter->handleRequest(null, Object(Config\Cache), false)
 5 SYSTEMPATH/Boot.php(325): CodeIgniter\CodeIgniter->run()
 6 SYSTEMPATH/Boot.php(67): CodeIgniter\Boot::runCodeIgniter(Object(CodeIgniter\CodeIgniter))
 7 FCPATH/index.php(56): CodeIgniter\Boot::bootWeb(Object(Config\Paths))
CRITICAL - 2024-07-10 23:46:37 --> ErrorException: Undefined variable $name
[Method: GET, Route: /]
in APPPATH/Views/welcome_message.php on line 14.
 1 APPPATH/Views/welcome_message.php(14): CodeIgniter\Debug\Exceptions->errorHandler(2, 'Undefined variable $name', '/Users/MacPro/Sites/exampleproject/app/Views/welcome_message.php', 14)
 2 SYSTEMPATH/View/View.php(234): include('/Users/MacPro/Sites/exampleproject/app/Views/welcome_message.php')
 3 SYSTEMPATH/View/View.php(237): CodeIgniter\View\View->CodeIgniter\View\{closure}()
 4 SYSTEMPATH/Common.php(1171): CodeIgniter\View\View->render('welcome_message', [], true)
 5 APPPATH/Controllers/Home.php(9): view('welcome_message')
 6 SYSTEMPATH/CodeIgniter.php(933): App\Controllers\Home->index()
 7 SYSTEMPATH/CodeIgniter.php(509): CodeIgniter\CodeIgniter->runController(Object(App\Controllers\Home))
 8 SYSTEMPATH/CodeIgniter.php(355): CodeIgniter\CodeIgniter->handleRequest(null, Object(Config\Cache), false)
 9 SYSTEMPATH/Boot.php(325): CodeIgniter\CodeIgniter->run()
10 SYSTEMPATH/Boot.php(67): CodeIgniter\Boot::runCodeIgniter(Object(CodeIgniter\CodeIgniter))
11 FCPATH/index.php(56): CodeIgniter\Boot::bootWeb(Object(Config\Paths))
CRITICAL - 2024-07-10 23:46:48 --> ErrorException: Undefined variable $name
[Method: GET, Route: /]
in APPPATH/Views/welcome_message.php on line 14.
 1 APPPATH/Views/welcome_message.php(14): CodeIgniter\Debug\Exceptions->errorHandler(2, 'Undefined variable $name', '/Users/MacPro/Sites/exampleproject/app/Views/welcome_message.php', 14)
 2 SYSTEMPATH/View/View.php(234): include('/Users/MacPro/Sites/exampleproject/app/Views/welcome_message.php')
 3 SYSTEMPATH/View/View.php(237): CodeIgniter\View\View->CodeIgniter\View\{closure}()
 4 SYSTEMPATH/Common.php(1171): CodeIgniter\View\View->render('welcome_message', [], true)
 5 APPPATH/Controllers/Home.php(9): view('welcome_message')
 6 SYSTEMPATH/CodeIgniter.php(933): App\Controllers\Home->index()
 7 SYSTEMPATH/CodeIgniter.php(509): CodeIgniter\CodeIgniter->runController(Object(App\Controllers\Home))
 8 SYSTEMPATH/CodeIgniter.php(355): CodeIgniter\CodeIgniter->handleRequest(null, Object(Config\Cache), false)
 9 SYSTEMPATH/Boot.php(325): CodeIgniter\CodeIgniter->run()
10 SYSTEMPATH/Boot.php(67): CodeIgniter\Boot::runCodeIgniter(Object(CodeIgniter\CodeIgniter))
11 FCPATH/index.php(56): CodeIgniter\Boot::bootWeb(Object(Config\Paths))
CRITICAL - 2024-07-10 23:46:57 --> ErrorException: Undefined variable $name
[Method: GET, Route: /]
in APPPATH/Views/welcome_message.php on line 14.
 1 APPPATH/Views/welcome_message.php(14): CodeIgniter\Debug\Exceptions->errorHandler(2, 'Undefined variable $name', '/Users/MacPro/Sites/exampleproject/app/Views/welcome_message.php', 14)
 2 SYSTEMPATH/View/View.php(234): include('/Users/MacPro/Sites/exampleproject/app/Views/welcome_message.php')
 3 SYSTEMPATH/View/View.php(237): CodeIgniter\View\View->CodeIgniter\View\{closure}()
 4 SYSTEMPATH/Common.php(1171): CodeIgniter\View\View->render('welcome_message', [], true)
 5 APPPATH/Controllers/Home.php(9): view('welcome_message')
 6 SYSTEMPATH/CodeIgniter.php(933): App\Controllers\Home->index()
 7 SYSTEMPATH/CodeIgniter.php(509): CodeIgniter\CodeIgniter->runController(Object(App\Controllers\Home))
 8 SYSTEMPATH/CodeIgniter.php(355): CodeIgniter\CodeIgniter->handleRequest(null, Object(Config\Cache), false)
 9 SYSTEMPATH/Boot.php(325): CodeIgniter\CodeIgniter->run()
10 SYSTEMPATH/Boot.php(67): CodeIgniter\Boot::runCodeIgniter(Object(CodeIgniter\CodeIgniter))
11 FCPATH/index.php(56): CodeIgniter\Boot::bootWeb(Object(Config\Paths))
CRITICAL - 2024-07-10 23:46:58 --> ErrorException: Undefined variable $name
[Method: GET, Route: /]
in APPPATH/Views/welcome_message.php on line 14.
 1 APPPATH/Views/welcome_message.php(14): CodeIgniter\Debug\Exceptions->errorHandler(2, 'Undefined variable $name', '/Users/MacPro/Sites/exampleproject/app/Views/welcome_message.php', 14)
 2 SYSTEMPATH/View/View.php(234): include('/Users/MacPro/Sites/exampleproject/app/Views/welcome_message.php')
 3 SYSTEMPATH/View/View.php(237): CodeIgniter\View\View->CodeIgniter\View\{closure}()
 4 SYSTEMPATH/Common.php(1171): CodeIgniter\View\View->render('welcome_message', [], true)
 5 APPPATH/Controllers/Home.php(9): view('welcome_message')
 6 SYSTEMPATH/CodeIgniter.php(933): App\Controllers\Home->index()
 7 SYSTEMPATH/CodeIgniter.php(509): CodeIgniter\CodeIgniter->runController(Object(App\Controllers\Home))
 8 SYSTEMPATH/CodeIgniter.php(355): CodeIgniter\CodeIgniter->handleRequest(null, Object(Config\Cache), false)
 9 SYSTEMPATH/Boot.php(325): CodeIgniter\CodeIgniter->run()
10 SYSTEMPATH/Boot.php(67): CodeIgniter\Boot::runCodeIgniter(Object(CodeIgniter\CodeIgniter))
11 FCPATH/index.php(56): CodeIgniter\Boot::bootWeb(Object(Config\Paths))
CRITICAL - 2024-07-10 23:47:05 --> ErrorException: Undefined variable $name
[Method: GET, Route: /]
in APPPATH/Views/welcome_message.php on line 14.
 1 APPPATH/Views/welcome_message.php(14): CodeIgniter\Debug\Exceptions->errorHandler(2, 'Undefined variable $name', '/Users/MacPro/Sites/exampleproject/app/Views/welcome_message.php', 14)
 2 SYSTEMPATH/View/View.php(234): include('/Users/MacPro/Sites/exampleproject/app/Views/welcome_message.php')
 3 SYSTEMPATH/View/View.php(237): CodeIgniter\View\View->CodeIgniter\View\{closure}()
 4 SYSTEMPATH/Common.php(1171): CodeIgniter\View\View->render('welcome_message', [], true)
 5 APPPATH/Controllers/Home.php(9): view('welcome_message')
 6 SYSTEMPATH/CodeIgniter.php(933): App\Controllers\Home->index()
 7 SYSTEMPATH/CodeIgniter.php(509): CodeIgniter\CodeIgniter->runController(Object(App\Controllers\Home))
 8 SYSTEMPATH/CodeIgniter.php(355): CodeIgniter\CodeIgniter->handleRequest(null, Object(Config\Cache), false)
 9 SYSTEMPATH/Boot.php(325): CodeIgniter\CodeIgniter->run()
10 SYSTEMPATH/Boot.php(67): CodeIgniter\Boot::runCodeIgniter(Object(CodeIgniter\CodeIgniter))
11 FCPATH/index.php(56): CodeIgniter\Boot::bootWeb(Object(Config\Paths))
CRITICAL - 2024-07-10 23:47:33 --> ErrorException: Undefined variable $name
[Method: GET, Route: /]
in APPPATH/Views/welcome_message.php on line 14.
 1 APPPATH/Views/welcome_message.php(14): CodeIgniter\Debug\Exceptions->errorHandler(2, 'Undefined variable $name', '/Users/MacPro/Sites/exampleproject/app/Views/welcome_message.php', 14)
 2 SYSTEMPATH/View/View.php(234): include('/Users/MacPro/Sites/exampleproject/app/Views/welcome_message.php')
 3 SYSTEMPATH/View/View.php(237): CodeIgniter\View\View->CodeIgniter\View\{closure}()
 4 SYSTEMPATH/Common.php(1171): CodeIgniter\View\View->render('welcome_message', [], true)
 5 APPPATH/Controllers/Home.php(9): view('welcome_message')
 6 SYSTEMPATH/CodeIgniter.php(933): App\Controllers\Home->index()
 7 SYSTEMPATH/CodeIgniter.php(509): CodeIgniter\CodeIgniter->runController(Object(App\Controllers\Home))
 8 SYSTEMPATH/CodeIgniter.php(355): CodeIgniter\CodeIgniter->handleRequest(null, Object(Config\Cache), false)
 9 SYSTEMPATH/Boot.php(325): CodeIgniter\CodeIgniter->run()
10 SYSTEMPATH/Boot.php(67): CodeIgniter\Boot::runCodeIgniter(Object(CodeIgniter\CodeIgniter))
11 FCPATH/index.php(56): CodeIgniter\Boot::bootWeb(Object(Config\Paths))
CRITICAL - 2024-07-10 23:47:35 --> ErrorException: Undefined variable $name
[Method: GET, Route: /]
in APPPATH/Views/welcome_message.php on line 14.
 1 APPPATH/Views/welcome_message.php(14): CodeIgniter\Debug\Exceptions->errorHandler(2, 'Undefined variable $name', '/Users/MacPro/Sites/exampleproject/app/Views/welcome_message.php', 14)
 2 SYSTEMPATH/View/View.php(234): include('/Users/MacPro/Sites/exampleproject/app/Views/welcome_message.php')
 3 SYSTEMPATH/View/View.php(237): CodeIgniter\View\View->CodeIgniter\View\{closure}()
 4 SYSTEMPATH/Common.php(1171): CodeIgniter\View\View->render('welcome_message', [], true)
 5 APPPATH/Controllers/Home.php(9): view('welcome_message')
 6 SYSTEMPATH/CodeIgniter.php(933): App\Controllers\Home->index()
 7 SYSTEMPATH/CodeIgniter.php(509): CodeIgniter\CodeIgniter->runController(Object(App\Controllers\Home))
 8 SYSTEMPATH/CodeIgniter.php(355): CodeIgniter\CodeIgniter->handleRequest(null, Object(Config\Cache), false)
 9 SYSTEMPATH/Boot.php(325): CodeIgniter\CodeIgniter->run()
10 SYSTEMPATH/Boot.php(67): CodeIgniter\Boot::runCodeIgniter(Object(CodeIgniter\CodeIgniter))
11 FCPATH/index.php(56): CodeIgniter\Boot::bootWeb(Object(Config\Paths))
CRITICAL - 2024-07-10 23:52:32 --> CodeIgniter\Router\Exceptions\RouterException: The namespace delimiter is a backslash (\), not a slash (/). Route handler: "\App\Controllers\/"
[Method: POST, Route: welcome]
in SYSTEMPATH/Router/Router.php on line 492.
 1 SYSTEMPATH/Router/Router.php(492): CodeIgniter\Router\Exceptions\RouterException::forInvalidControllerName('\\App\\Controllers\\/')
 2 SYSTEMPATH/Router/Router.php(210): CodeIgniter\Router\Router->checkRoutes('welcome')
 3 SYSTEMPATH/CodeIgniter.php(834): CodeIgniter\Router\Router->handle('welcome')
 4 SYSTEMPATH/CodeIgniter.php(457): CodeIgniter\CodeIgniter->tryToRouteIt(Object(CodeIgniter\Router\RouteCollection))
 5 SYSTEMPATH/CodeIgniter.php(355): CodeIgniter\CodeIgniter->handleRequest(null, Object(Config\Cache), false)
 6 SYSTEMPATH/Boot.php(325): CodeIgniter\CodeIgniter->run()
 7 SYSTEMPATH/Boot.php(67): CodeIgniter\Boot::runCodeIgniter(Object(CodeIgniter\CodeIgniter))
 8 FCPATH/index.php(56): CodeIgniter\Boot::bootWeb(Object(Config\Paths))
